
> application-name@0.0.1 start /home/iot/cf/nodejs/T4281
> node ./bin/www

[90mGET / [36m304 [90m21ms[0m
[90mGET /stylesheets/bootstrap.css [36m304 [90m5ms[0m
[90mGET /stylesheets/bootstrap-responsive.css [36m304 [90m2ms[0m
[90mGET /javascripts/jquery-2.1.0.js [36m304 [90m1ms[0m
[90mGET /javascripts/bootstrap.js [36m304 [90m2ms[0m
[90mGET /mysql [36m304 [90m13ms[0m
[90mGET /stylesheets/bootstrap.css [36m304 [90m1ms[0m
[90mGET /stylesheets/bootstrap-responsive.css [36m304 [90m1ms[0m
[90mGET /javascripts/jquery-2.1.0.js [36m304 [90m0ms[0m
[90mGET /javascripts/bootstrap.js [36m304 [90m2ms[0m

> application-name@0.0.1 start /home/iot/cf/nodejs/T4281
> node ./bin/www

[90mGET /mysql [36m304 [90m21ms[0m
[90mGET /stylesheets/bootstrap.css [36m304 [90m4ms[0m
[90mGET /stylesheets/bootstrap-responsive.css [36m304 [90m2ms[0m
[90mGET /javascripts/jquery-2.1.0.js [36m304 [90m1ms[0m
[90mGET /javascripts/bootstrap.js [36m304 [90m1ms[0m
[90mGET /mysql [36m304 [90m10ms[0m
[90mGET /stylesheets/bootstrap.css [36m304 [90m0ms[0m
[90mGET /stylesheets/bootstrap-responsive.css [36m304 [90m1ms[0m
[90mGET /javascripts/jquery-2.1.0.js [36m304 [90m1ms[0m
[90mGET /javascripts/bootstrap.js [36m304 [90m3ms[0m
[90mGET / [36m304 [90m8ms[0m
[90mGET /stylesheets/bootstrap.css [36m304 [90m1ms[0m
[90mGET /stylesheets/bootstrap-responsive.css [36m304 [90m1ms[0m
[90mGET /javascripts/jquery-2.1.0.js [36m304 [90m0ms[0m
[90mGET /javascripts/bootstrap.js [36m304 [90m1ms[0m
[90mGET /mysql [36m304 [90m3ms[0m
[90mGET /stylesheets/bootstrap.css [36m304 [90m1ms[0m
[90mGET /stylesheets/bootstrap-responsive.css [36m304 [90m1ms[0m
[90mGET /javascripts/jquery-2.1.0.js [36m304 [90m1ms[0m
[90mGET /javascripts/bootstrap.js [36m304 [90m1ms[0m
[90mGET /mysql/dataset [36m304 [90m33ms[0m
[90mGET /stylesheets/bootstrap.css [36m304 [90m1ms[0m
[90mGET /stylesheets/bootstrap-responsive.css [36m304 [90m1ms[0m
[90mGET /javascripts/jquery-2.1.0.js [36m304 [90m2ms[0m
[90mGET /javascripts/bootstrap.js [36m304 [90m1ms[0m
[90mGET /mysql/user [36m304 [90m12ms[0m
[90mGET /stylesheets/bootstrap.css [36m304 [90m1ms[0m
[90mGET /stylesheets/bootstrap-responsive.css [36m304 [90m1ms[0m
[90mGET /javascripts/jquery-2.1.0.js [36m304 [90m1ms[0m
[90mGET /javascripts/bootstrap.js [36m304 [90m1ms[0m
[90mGET /mysql/user/2216649640 [36m304 [90m12ms[0m
[90mGET /stylesheets/bootstrap.css [36m304 [90m1ms[0m
[90mGET /stylesheets/bootstrap-responsive.css [36m304 [90m1ms[0m
[90mGET /javascripts/jquery-2.1.0.js [36m304 [90m1ms[0m
[90mGET /javascripts/bootstrap.js [36m304 [90m1ms[0m
[90mGET /mysql/weibo [36m304 [90m11ms[0m
[90mGET /stylesheets/bootstrap.css [36m304 [90m1ms[0m
[90mGET /stylesheets/bootstrap-responsive.css [36m304 [90m1ms[0m
[90mGET /javascripts/jquery-2.1.0.js [36m304 [90m1ms[0m
[90mGET /javascripts/bootstrap.js [36m304 [90m2ms[0m
[90mGET /mysql/weibo/3410538900470130 [32m200 [90m10ms - 4.69kb[0m
[90mGET /stylesheets/bootstrap.css [36m304 [90m3ms[0m
[90mGET /stylesheets/bootstrap-responsive.css [36m304 [90m1ms[0m
[90mGET /javascripts/jquery-2.1.0.js [36m304 [90m2ms[0m
[90mGET /javascripts/bootstrap.js [36m304 [90m1ms[0m
[90mGET /mysql/dataset [36m304 [90m8ms[0m
[90mGET /stylesheets/bootstrap.css [36m304 [90m2ms[0m
[90mGET /stylesheets/bootstrap-responsive.css [36m304 [90m1ms[0m
[90mGET /javascripts/jquery-2.1.0.js [36m304 [90m1ms[0m
[90mGET /javascripts/bootstrap.js [36m304 [90m1ms[0m
[90mGET /mysql/dataset/3645775303419537 [36m304 [90m6ms[0m
[90mGET /stylesheets/bootstrap.css [36m304 [90m0ms[0m
[90mGET /stylesheets/bootstrap-responsive.css [36m304 [90m0ms[0m
[90mGET /javascripts/jquery-2.1.0.js [36m304 [90m0ms[0m
[90mGET /javascripts/bootstrap.js [36m304 [90m1ms[0m
[90mGET /mysql/dataset/3645775303419537 [32m200 [90m27ms - 5.21kb[0m
[90mGET /stylesheets/bootstrap.css [36m304 [90m1ms[0m
[90mGET /stylesheets/bootstrap-responsive.css [36m304 [90m1ms[0m
[90mGET /javascripts/jquery-2.1.0.js [36m304 [90m1ms[0m
[90mGET /javascripts/bootstrap.js [36m304 [90m0ms[0m
[90mGET /mysql/dataset [32m200 [90m9ms - 11.82kb[0m
[90mGET /stylesheets/bootstrap.css [36m304 [90m1ms[0m
[90mGET /stylesheets/bootstrap-responsive.css [36m304 [90m1ms[0m
[90mGET /javascripts/jquery-2.1.0.js [36m304 [90m1ms[0m
[90mGET /javascripts/bootstrap.js [36m304 [90m1ms[0m
[90mGET /mysql/dataset/3645775303419537 [36m304 [90m7ms[0m
[90mGET /stylesheets/bootstrap.css [36m304 [90m1ms[0m
[90mGET /stylesheets/bootstrap-responsive.css [36m304 [90m0ms[0m
[90mGET /javascripts/jquery-2.1.0.js [36m304 [90m1ms[0m
[90mGET /javascripts/bootstrap.js [36m304 [90m0ms[0m
[90mGET /mysql/dataset [32m200 [90m13ms - 11.82kb[0m
[90mGET /stylesheets/bootstrap.css [36m304 [90m1ms[0m
[90mGET /stylesheets/bootstrap-responsive.css [36m304 [90m1ms[0m
[90mGET /javascripts/jquery-2.1.0.js [36m304 [90m1ms[0m
[90mGET /javascripts/bootstrap.js [36m304 [90m1ms[0m
[90mGET /mysql/dataset?page=2 [32m200 [90m11ms - 12.21kb[0m
[90mGET /stylesheets/bootstrap.css [36m304 [90m0ms[0m
[90mGET /stylesheets/bootstrap-responsive.css [36m304 [90m1ms[0m
[90mGET /javascripts/jquery-2.1.0.js [36m304 [90m1ms[0m
[90mGET /javascripts/bootstrap.js [36m304 [90m1ms[0m
[90mGET /mysql/dataset?page=3 [32m200 [90m8ms - 11.99kb[0m
[90mGET /stylesheets/bootstrap.css [36m304 [90m1ms[0m
[90mGET /stylesheets/bootstrap-responsive.css [36m304 [90m1ms[0m
[90mGET /javascripts/jquery-2.1.0.js [36m304 [90m0ms[0m
[90mGET /javascripts/bootstrap.js [36m304 [90m1ms[0m
[90mGET /mysql/dataset?page=4 [32m200 [90m8ms - 11.77kb[0m
[90mGET /stylesheets/bootstrap.css [36m304 [90m0ms[0m
[90mGET /stylesheets/bootstrap-responsive.css [36m304 [90m0ms[0m
[90mGET /javascripts/jquery-2.1.0.js [36m304 [90m0ms[0m
[90mGET /javascripts/bootstrap.js [36m304 [90m1ms[0m
[90mGET /mysql/dataset?page=5 [32m200 [90m8ms - 12.05kb[0m
[90mGET /stylesheets/bootstrap.css [36m304 [90m1ms[0m
[90mGET /stylesheets/bootstrap-responsive.css [36m304 [90m1ms[0m
[90mGET /javascripts/jquery-2.1.0.js [36m304 [90m3ms[0m
[90mGET /javascripts/bootstrap.js [36m304 [90m1ms[0m
[90mGET /mysql/dataset?page=4 [36m304 [90m9ms[0m
[90mGET /stylesheets/bootstrap.css [36m304 [90m1ms[0m
[90mGET /stylesheets/bootstrap-responsive.css [36m304 [90m1ms[0m
[90mGET /javascripts/jquery-2.1.0.js [36m304 [90m2ms[0m
[90mGET /javascripts/bootstrap.js [36m304 [90m4ms[0m
[90mGET /mysql/dataset?page=3 [36m304 [90m7ms[0m
[90mGET /stylesheets/bootstrap.css [36m304 [90m1ms[0m
[90mGET /stylesheets/bootstrap-responsive.css [36m304 [90m1ms[0m
[90mGET /javascripts/jquery-2.1.0.js [36m304 [90m1ms[0m
[90mGET /javascripts/bootstrap.js [36m304 [90m1ms[0m
[90mGET /mysql/dataset?page=2 [36m304 [90m11ms[0m
[90mGET /stylesheets/bootstrap.css [36m304 [90m1ms[0m
[90mGET /stylesheets/bootstrap-responsive.css [36m304 [90m1ms[0m
[90mGET /javascripts/jquery-2.1.0.js [36m304 [90m0ms[0m
[90mGET /javascripts/bootstrap.js [36m304 [90m0ms[0m
[90mGET /mysql/dataset?page=1 [32m200 [90m11ms - 11.82kb[0m
[90mGET /stylesheets/bootstrap.css [36m304 [90m1ms[0m
[90mGET /stylesheets/bootstrap-responsive.css [36m304 [90m2ms[0m
[90mGET /javascripts/jquery-2.1.0.js [36m304 [90m0ms[0m
[90mGET /javascripts/bootstrap.js [36m304 [90m1ms[0m
[90mGET /mysql/dataset?page=1 [36m304 [90m10ms[0m
[90mGET /stylesheets/bootstrap.css [36m304 [90m1ms[0m
[90mGET /stylesheets/bootstrap-responsive.css [36m304 [90m1ms[0m
[90mGET /javascripts/jquery-2.1.0.js [36m304 [90m1ms[0m
[90mGET /javascripts/bootstrap.js [36m304 [90m1ms[0m
[90mGET /mysql/dataset?page=1 [32m200 [90m12ms - 11.82kb[0m
[90mGET /stylesheets/bootstrap.css [36m304 [90m1ms[0m
[90mGET /stylesheets/bootstrap-responsive.css [36m304 [90m0ms[0m
[90mGET /javascripts/jquery-2.1.0.js [36m304 [90m1ms[0m
[90mGET /javascripts/bootstrap.js [36m304 [90m1ms[0m
[90mGET /mysql/dataset?page=5 [32m200 [90m10ms - 12.05kb[0m
[90mGET /stylesheets/bootstrap.css [36m304 [90m1ms[0m
[90mGET /stylesheets/bootstrap-responsive.css [36m304 [90m1ms[0m
[90mGET /javascripts/jquery-2.1.0.js [36m304 [90m0ms[0m
[90mGET /javascripts/bootstrap.js [36m304 [90m1ms[0m
[90mGET /mysql/dataset?page=4 [32m200 [90m17ms - 11.77kb[0m
[90mGET /stylesheets/bootstrap.css [36m304 [90m6ms[0m
[90mGET /stylesheets/bootstrap-responsive.css [36m304 [90m1ms[0m
[90mGET /javascripts/jquery-2.1.0.js [36m304 [90m1ms[0m
[90mGET /javascripts/bootstrap.js [36m304 [90m0ms[0m
[90mGET /mysql/dataset?page=4 [36m304 [90m7ms[0m
[90mGET /stylesheets/bootstrap.css [36m304 [90m0ms[0m
[90mGET /stylesheets/bootstrap-responsive.css [36m304 [90m0ms[0m
[90mGET /javascripts/jquery-2.1.0.js [36m304 [90m1ms[0m
[90mGET /javascripts/bootstrap.js [36m304 [90m0ms[0m
[90mGET /mysql/dataset?page=3 [32m200 [90m7ms - 11.99kb[0m
[90mGET /stylesheets/bootstrap.css [36m304 [90m1ms[0m
[90mGET /stylesheets/bootstrap-responsive.css [36m304 [90m1ms[0m
[90mGET /javascripts/jquery-2.1.0.js [36m304 [90m0ms[0m
[90mGET /javascripts/bootstrap.js [36m304 [90m1ms[0m
[90mGET /mysql/dataset?page=2 [32m200 [90m8ms - 12.21kb[0m
[90mGET /stylesheets/bootstrap.css [36m304 [90m1ms[0m
[90mGET /stylesheets/bootstrap-responsive.css [36m304 [90m1ms[0m
[90mGET /javascripts/jquery-2.1.0.js [36m304 [90m1ms[0m
[90mGET /javascripts/bootstrap.js [36m304 [90m1ms[0m
[90mGET /mysql/dataset?page=1 [36m304 [90m6ms[0m
[90mGET /stylesheets/bootstrap.css [36m304 [90m0ms[0m
[90mGET /stylesheets/bootstrap-responsive.css [36m304 [90m1ms[0m
[90mGET /javascripts/jquery-2.1.0.js [36m304 [90m1ms[0m
[90mGET /javascripts/bootstrap.js [36m304 [90m0ms[0m
